<?xml version="1.0" encoding="UTF-8" standalone="yes"?><!DOCTYPE report PUBLIC "-//JACOCO//DTD Report 1.1//EN" "report.dtd"><report name="maze-app"><sessioninfo id="Delly-a107997b" start="1552289957355" dump="1552289958652"/><sessioninfo id="Delly-2b7cf533" start="1552290878779" dump="1552290880235"/><sessioninfo id="Delly-b957cec5" start="1552290916156" dump="1552290917505"/><sessioninfo id="Delly-af3b51f1" start="1552291009192" dump="1552291010801"/><sessioninfo id="Delly-b46e104f" start="1552291033401" dump="1552291034962"/><sessioninfo id="Delly-da710e62" start="1552291054791" dump="1552291056203"/><package name="com/flinders"><class name="com/flinders/Maze" sourcefilename="Maze.java"><method name="&lt;init&gt;" desc="(Ljava/lang/String;)V" line="14"><counter type="INSTRUCTION" missed="0" covered="8"/><counter type="LINE" missed="0" covered="3"/><counter type="COMPLEXITY" missed="0" covered="1"/><counter type="METHOD" missed="0" covered="1"/></method><method name="setMaze" desc="(Ljava/lang/String;)[[C" line="20"><counter type="INSTRUCTION" missed="0" covered="83"/><counter type="BRANCH" missed="0" covered="8"/><counter type="LINE" missed="0" covered="18"/><counter type="COMPLEXITY" missed="0" covered="5"/><counter type="METHOD" missed="0" covered="1"/></method><method name="getSolvedMaze" desc="()V" line="45"><counter type="INSTRUCTION" missed="0" covered="55"/><counter type="BRANCH" missed="0" covered="4"/><counter type="LINE" missed="0" covered="7"/><counter type="COMPLEXITY" missed="0" covered="3"/><counter type="METHOD" missed="0" covered="1"/></method><method name="getMaze" desc="()[[C" line="58"><counter type="INSTRUCTION" missed="3" covered="0"/><counter type="LINE" missed="1" covered="0"/><counter type="COMPLEXITY" missed="1" covered="0"/><counter type="METHOD" missed="1" covered="0"/></method><counter type="INSTRUCTION" missed="3" covered="146"/><counter type="BRANCH" missed="0" covered="12"/><counter type="LINE" missed="1" covered="28"/><counter type="COMPLEXITY" missed="1" covered="9"/><counter type="METHOD" missed="1" covered="3"/><counter type="CLASS" missed="0" covered="1"/></class><class name="com/flinders/MazeSolver" sourcefilename="MazeSolver.java"><method name="&lt;init&gt;" desc="([[C)V" line="9"><counter type="INSTRUCTION" missed="0" covered="15"/><counter type="LINE" missed="0" covered="5"/><counter type="COMPLEXITY" missed="0" covered="1"/><counter type="METHOD" missed="0" covered="1"/></method><method name="isGoal" desc="(II)Z" line="21"><counter type="INSTRUCTION" missed="0" covered="12"/><counter type="BRANCH" missed="0" covered="2"/><counter type="LINE" missed="0" covered="3"/><counter type="COMPLEXITY" missed="0" covered="2"/><counter type="METHOD" missed="0" covered="1"/></method><method name="setVisited" desc="(II)V" line="32"><counter type="INSTRUCTION" missed="0" covered="8"/><counter type="LINE" missed="0" covered="2"/><counter type="COMPLEXITY" missed="0" covered="1"/><counter type="METHOD" missed="0" covered="1"/></method><method name="isWall" desc="(II)Z" line="42"><counter type="INSTRUCTION" missed="0" covered="12"/><counter type="BRANCH" missed="0" covered="2"/><counter type="LINE" missed="0" covered="3"/><counter type="COMPLEXITY" missed="0" covered="2"/><counter type="METHOD" missed="0" covered="1"/></method><method name="isVisited" desc="(II)Z" line="54"><counter type="INSTRUCTION" missed="0" covered="12"/><counter type="BRANCH" missed="0" covered="2"/><counter type="LINE" missed="0" covered="3"/><counter type="COMPLEXITY" missed="0" covered="2"/><counter type="METHOD" missed="0" covered="1"/></method><method name="findPath" desc="(II)V" line="69"><counter type="INSTRUCTION" missed="0" covered="62"/><counter type="BRANCH" missed="1" covered="11"/><counter type="LINE" missed="0" covered="17"/><counter type="COMPLEXITY" missed="1" covered="6"/><counter type="METHOD" missed="0" covered="1"/></method><method name="getSolvedMaze" desc="(II)[[C" line="90"><counter type="INSTRUCTION" missed="0" covered="7"/><counter type="LINE" missed="0" covered="2"/><counter type="COMPLEXITY" missed="0" covered="1"/><counter type="METHOD" missed="0" covered="1"/></method><counter type="INSTRUCTION" missed="0" covered="128"/><counter type="BRANCH" missed="1" covered="17"/><counter type="LINE" missed="0" covered="35"/><counter type="COMPLEXITY" missed="1" covered="15"/><counter type="METHOD" missed="0" covered="7"/><counter type="CLASS" missed="0" covered="1"/></class><class name="com/flinders/App" sourcefilename="App.java"><method name="&lt;init&gt;" desc="()V" line="5"><counter type="INSTRUCTION" missed="3" covered="0"/><counter type="LINE" missed="1" covered="0"/><counter type="COMPLEXITY" missed="1" covered="0"/><counter type="METHOD" missed="1" covered="0"/></method><method name="main" desc="([Ljava/lang/String;)V" line="10"><counter type="INSTRUCTION" missed="0" covered="19"/><counter type="BRANCH" missed="0" covered="2"/><counter type="LINE" missed="0" covered="5"/><counter type="COMPLEXITY" missed="0" covered="2"/><counter type="METHOD" missed="0" covered="1"/></method><counter type="INSTRUCTION" missed="3" covered="19"/><counter type="BRANCH" missed="0" covered="2"/><counter type="LINE" missed="1" covered="5"/><counter type="COMPLEXITY" missed="1" covered="2"/><counter type="METHOD" missed="1" covered="1"/><counter type="CLASS" missed="0" covered="1"/></class><sourcefile name="App.java"><line nr="5" mi="3" ci="0" mb="0" cb="0"/><line nr="10" mi="0" ci="3" mb="0" cb="2"/><line nr="11" mi="0" ci="8" mb="0" cb="0"/><line nr="14" mi="0" ci="5" mb="0" cb="0"/><line nr="16" mi="0" ci="2" mb="0" cb="0"/><line nr="17" mi="0" ci="1" mb="0" cb="0"/><counter type="INSTRUCTION" missed="3" covered="19"/><counter type="BRANCH" missed="0" covered="2"/><counter type="LINE" missed="1" covered="5"/><counter type="COMPLEXITY" missed="1" covered="2"/><counter type="METHOD" missed="1" covered="1"/><counter type="CLASS" missed="0" covered="1"/></sourcefile><sourcefile name="Maze.java"><line nr="14" mi="0" ci="2" mb="0" cb="0"/><line nr="15" mi="0" ci="5" mb="0" cb="0"/><line nr="17" mi="0" ci="1" mb="0" cb="0"/><line nr="20" mi="0" ci="2" mb="0" cb="0"/><line nr="21" mi="0" ci="5" mb="0" cb="0"/><line nr="22" mi="0" ci="6" mb="0" cb="0"/><line nr="23" mi="0" ci="4" mb="0" cb="2"/><line nr="24" mi="0" ci="4" mb="0" cb="0"/><line nr="25" mi="0" ci="2" mb="0" cb="0"/><line nr="27" mi="0" ci="3" mb="0" cb="0"/><line nr="28" mi="0" ci="6" mb="0" cb="0"/><line nr="29" mi="0" ci="3" mb="0" cb="0"/><line nr="30" mi="0" ci="7" mb="0" cb="2"/><line nr="31" mi="0" ci="4" mb="0" cb="0"/><line nr="32" mi="0" ci="6" mb="0" cb="0"/><line nr="33" mi="0" ci="8" mb="0" cb="2"/><line nr="34" mi="0" ci="8" mb="0" cb="0"/><line nr="35" mi="0" ci="7" mb="0" cb="2"/><line nr="36" mi="0" ci="3" mb="0" cb="0"/><line nr="37" mi="0" ci="3" mb="0" cb="0"/><line nr="41" mi="0" ci="2" mb="0" cb="0"/><line nr="45" mi="0" ci="7" mb="0" cb="0"/><line nr="46" mi="0" ci="9" mb="0" cb="0"/><line nr="47" mi="0" ci="17" mb="0" cb="2"/><line nr="48" mi="0" ci="16" mb="0" cb="2"/><line nr="49" mi="0" ci="3" mb="0" cb="0"/><line nr="51" mi="0" ci="2" mb="0" cb="0"/><line nr="56" mi="0" ci="1" mb="0" cb="0"/><line nr="58" mi="3" ci="0" mb="0" cb="0"/><counter type="INSTRUCTION" missed="3" covered="146"/><counter type="BRANCH" missed="0" covered="12"/><counter type="LINE" missed="1" covered="28"/><counter type="COMPLEXITY" missed="1" covered="9"/><counter type="METHOD" missed="1" covered="3"/><counter type="CLASS" missed="0" covered="1"/></sourcefile><sourcefile name="MazeSolver.java"><line nr="9" mi="0" ci="6" mb="0" cb="0"/><line nr="10" mi="0" ci="2" mb="0" cb="0"/><line nr="11" mi="0" ci="3" mb="0" cb="0"/><line nr="12" mi="0" ci="3" mb="0" cb="0"/><line nr="13" mi="0" ci="1" mb="0" cb="0"/><line nr="21" mi="0" ci="8" mb="0" cb="2"/><line nr="22" mi="0" ci="2" mb="0" cb="0"/><line nr="24" mi="0" ci="2" mb="0" cb="0"/><line nr="32" mi="0" ci="7" mb="0" cb="0"/><line nr="34" mi="0" ci="1" mb="0" cb="0"/><line nr="42" mi="0" ci="8" mb="0" cb="2"/><line nr="43" mi="0" ci="2" mb="0" cb="0"/><line nr="45" mi="0" ci="2" mb="0" cb="0"/><line nr="54" mi="0" ci="8" mb="0" cb="2"/><line nr="55" mi="0" ci="2" mb="0" cb="0"/><line nr="57" mi="0" ci="2" mb="0" cb="0"/><line nr="69" mi="0" ci="4" mb="1" cb="3"/><line nr="70" mi="0" ci="1" mb="0" cb="0"/><line nr="71" mi="0" ci="5" mb="0" cb="2"/><line nr="72" mi="0" ci="1" mb="0" cb="0"/><line nr="73" mi="0" ci="5" mb="0" cb="2"/><line nr="74" mi="0" ci="1" mb="0" cb="0"/><line nr="75" mi="0" ci="5" mb="0" cb="2"/><line nr="76" mi="0" ci="4" mb="0" cb="0"/><line nr="77" mi="0" ci="3" mb="0" cb="0"/><line nr="78" mi="0" ci="1" mb="0" cb="0"/><line nr="80" mi="0" ci="3" mb="0" cb="2"/><line nr="81" mi="0" ci="4" mb="0" cb="0"/><line nr="82" mi="0" ci="6" mb="0" cb="0"/><line nr="83" mi="0" ci="6" mb="0" cb="0"/><line nr="84" mi="0" ci="6" mb="0" cb="0"/><line nr="85" mi="0" ci="6" mb="0" cb="0"/><line nr="87" mi="0" ci="1" mb="0" cb="0"/><line nr="90" mi="0" ci="4" mb="0" cb="0"/><line nr="91" mi="0" ci="3" mb="0" cb="0"/><counter type="INSTRUCTION" missed="0" covered="128"/><counter type="BRANCH" missed="1" covered="17"/><counter type="LINE" missed="0" covered="35"/><counter type="COMPLEXITY" missed="1" covered="15"/><counter type="METHOD" missed="0" covered="7"/><counter type="CLASS" missed="0" covered="1"/></sourcefile><counter type="INSTRUCTION" missed="6" covered="293"/><counter type="BRANCH" missed="1" covered="31"/><counter type="LINE" missed="2" covered="68"/><counter type="COMPLEXITY" missed="3" covered="26"/><counter type="METHOD" missed="2" covered="11"/><counter type="CLASS" missed="0" covered="3"/></package><counter type="INSTRUCTION" missed="6" covered="293"/><counter type="BRANCH" missed="1" covered="31"/><counter type="LINE" missed="2" covered="68"/><counter type="COMPLEXITY" missed="3" covered="26"/><counter type="METHOD" missed="2" covered="11"/><counter type="CLASS" missed="0" covered="3"/></report>